-------------------------------------------------------------------------------
Test set: com.esprit.examen.services.CoursServiceTest
-------------------------------------------------------------------------------
Tests run: 3, Failures: 0, Errors: 3, Skipped: 0, Time elapsed: 8.79 s <<< FAILURE! - in com.esprit.examen.services.CoursServiceTest
testDeleteCours  Time elapsed: 0.002 s  <<< ERROR!
java.lang.IllegalStateException: Failed to load ApplicationContext
Caused by: org.springframework.beans.factory.UnsatisfiedDependencyException: Error creating bean with name 'formateurRestController': Unsatisfied dependency expressed through field 'formateurService'; nested exception is org.springframework.beans.factory.UnsatisfiedDependencyException: Error creating bean with name 'formateurService': Unsatisfied dependency expressed through field 'formateurRepository'; nested exception is org.springframework.beans.factory.BeanCreationException: Error creating bean with name 'formateurRepository': Invocation of init method failed; nested exception is java.lang.IllegalArgumentException: Validation failed for query for method public abstract java.lang.Long com.esprit.examen.repositories.FormateurRepository.nombreFormateursImpliquesDansUnCours(com.esprit.examen.entities.TypeCours)!
Caused by: org.springframework.beans.factory.UnsatisfiedDependencyException: Error creating bean with name 'formateurService': Unsatisfied dependency expressed through field 'formateurRepository'; nested exception is org.springframework.beans.factory.BeanCreationException: Error creating bean with name 'formateurRepository': Invocation of init method failed; nested exception is java.lang.IllegalArgumentException: Validation failed for query for method public abstract java.lang.Long com.esprit.examen.repositories.FormateurRepository.nombreFormateursImpliquesDansUnCours(com.esprit.examen.entities.TypeCours)!
Caused by: org.springframework.beans.factory.BeanCreationException: Error creating bean with name 'formateurRepository': Invocation of init method failed; nested exception is java.lang.IllegalArgumentException: Validation failed for query for method public abstract java.lang.Long com.esprit.examen.repositories.FormateurRepository.nombreFormateursImpliquesDansUnCours(com.esprit.examen.entities.TypeCours)!
Caused by: java.lang.IllegalArgumentException: Validation failed for query for method public abstract java.lang.Long com.esprit.examen.repositories.FormateurRepository.nombreFormateursImpliquesDansUnCours(com.esprit.examen.entities.TypeCours)!
Caused by: java.lang.IllegalArgumentException: org.hibernate.hql.internal.ast.QuerySyntaxException: FORMATEUR is not mapped [SELECT count(*) FROM FORMATEUR where TypeCours=:typeCours]
Caused by: org.hibernate.hql.internal.ast.QuerySyntaxException: FORMATEUR is not mapped [SELECT count(*) FROM FORMATEUR where TypeCours=:typeCours]
Caused by: org.hibernate.hql.internal.ast.QuerySyntaxException: FORMATEUR is not mapped

testUpdateCours  Time elapsed: 0 s  <<< ERROR!
java.lang.IllegalStateException: Failed to load ApplicationContext
Caused by: org.springframework.beans.factory.UnsatisfiedDependencyException: Error creating bean with name 'formateurRestController': Unsatisfied dependency expressed through field 'formateurService'; nested exception is org.springframework.beans.factory.UnsatisfiedDependencyException: Error creating bean with name 'formateurService': Unsatisfied dependency expressed through field 'formateurRepository'; nested exception is org.springframework.beans.factory.BeanCreationException: Error creating bean with name 'formateurRepository': Invocation of init method failed; nested exception is java.lang.IllegalArgumentException: Validation failed for query for method public abstract java.lang.Long com.esprit.examen.repositories.FormateurRepository.nombreFormateursImpliquesDansUnCours(com.esprit.examen.entities.TypeCours)!
Caused by: org.springframework.beans.factory.UnsatisfiedDependencyException: Error creating bean with name 'formateurService': Unsatisfied dependency expressed through field 'formateurRepository'; nested exception is org.springframework.beans.factory.BeanCreationException: Error creating bean with name 'formateurRepository': Invocation of init method failed; nested exception is java.lang.IllegalArgumentException: Validation failed for query for method public abstract java.lang.Long com.esprit.examen.repositories.FormateurRepository.nombreFormateursImpliquesDansUnCours(com.esprit.examen.entities.TypeCours)!
Caused by: org.springframework.beans.factory.BeanCreationException: Error creating bean with name 'formateurRepository': Invocation of init method failed; nested exception is java.lang.IllegalArgumentException: Validation failed for query for method public abstract java.lang.Long com.esprit.examen.repositories.FormateurRepository.nombreFormateursImpliquesDansUnCours(com.esprit.examen.entities.TypeCours)!
Caused by: java.lang.IllegalArgumentException: Validation failed for query for method public abstract java.lang.Long com.esprit.examen.repositories.FormateurRepository.nombreFormateursImpliquesDansUnCours(com.esprit.examen.entities.TypeCours)!
Caused by: java.lang.IllegalArgumentException: org.hibernate.hql.internal.ast.QuerySyntaxException: FORMATEUR is not mapped [SELECT count(*) FROM FORMATEUR where TypeCours=:typeCours]
Caused by: org.hibernate.hql.internal.ast.QuerySyntaxException: FORMATEUR is not mapped [SELECT count(*) FROM FORMATEUR where TypeCours=:typeCours]
Caused by: org.hibernate.hql.internal.ast.QuerySyntaxException: FORMATEUR is not mapped

testAddCours  Time elapsed: 0.001 s  <<< ERROR!
java.lang.IllegalStateException: Failed to load ApplicationContext
Caused by: org.springframework.beans.factory.UnsatisfiedDependencyException: Error creating bean with name 'formateurRestController': Unsatisfied dependency expressed through field 'formateurService'; nested exception is org.springframework.beans.factory.UnsatisfiedDependencyException: Error creating bean with name 'formateurService': Unsatisfied dependency expressed through field 'formateurRepository'; nested exception is org.springframework.beans.factory.BeanCreationException: Error creating bean with name 'formateurRepository': Invocation of init method failed; nested exception is java.lang.IllegalArgumentException: Validation failed for query for method public abstract java.lang.Long com.esprit.examen.repositories.FormateurRepository.nombreFormateursImpliquesDansUnCours(com.esprit.examen.entities.TypeCours)!
Caused by: org.springframework.beans.factory.UnsatisfiedDependencyException: Error creating bean with name 'formateurService': Unsatisfied dependency expressed through field 'formateurRepository'; nested exception is org.springframework.beans.factory.BeanCreationException: Error creating bean with name 'formateurRepository': Invocation of init method failed; nested exception is java.lang.IllegalArgumentException: Validation failed for query for method public abstract java.lang.Long com.esprit.examen.repositories.FormateurRepository.nombreFormateursImpliquesDansUnCours(com.esprit.examen.entities.TypeCours)!
Caused by: org.springframework.beans.factory.BeanCreationException: Error creating bean with name 'formateurRepository': Invocation of init method failed; nested exception is java.lang.IllegalArgumentException: Validation failed for query for method public abstract java.lang.Long com.esprit.examen.repositories.FormateurRepository.nombreFormateursImpliquesDansUnCours(com.esprit.examen.entities.TypeCours)!
Caused by: java.lang.IllegalArgumentException: Validation failed for query for method public abstract java.lang.Long com.esprit.examen.repositories.FormateurRepository.nombreFormateursImpliquesDansUnCours(com.esprit.examen.entities.TypeCours)!
Caused by: java.lang.IllegalArgumentException: org.hibernate.hql.internal.ast.QuerySyntaxException: FORMATEUR is not mapped [SELECT count(*) FROM FORMATEUR where TypeCours=:typeCours]
Caused by: org.hibernate.hql.internal.ast.QuerySyntaxException: FORMATEUR is not mapped [SELECT count(*) FROM FORMATEUR where TypeCours=:typeCours]
Caused by: org.hibernate.hql.internal.ast.QuerySyntaxException: FORMATEUR is not mapped

